<?xml version="1.0" encoding="UTF-8"?>
<!-- Generated by org.testng.reporters.JUnitReportReporter -->
<testsuite skipped="0" hostname="hp-PC" name="com.TestCase.LoginTest" tests="2" failures="0" timestamp="30 Jul 2020 13:31:19 GMT" time="21.175" errors="0">
  <testcase name="Login_Details" time="21.054" classname="com.TestCase.LoginTest"/>
  <testcase name="checktitle" time="0.121" classname="com.TestCase.LoginTest"/>
</testsuite> <!-- com.TestCase.LoginTest -->
