<?xml version="1.0" encoding="UTF-8"?>
<!-- Generated by org.testng.reporters.JUnitReportReporter -->
<testsuite skipped="0" hostname="hp-PC" name="com.TestCase.HomeTest" tests="1" failures="0" timestamp="30 Jul 2020 13:31:20 GMT" time="11.956" errors="0">
  <testcase name="Logout" time="11.956" classname="com.TestCase.HomeTest"/>
</testsuite> <!-- com.TestCase.HomeTest -->
