<?xml version="1.0" encoding="UTF-8"?>
<!-- Generated by org.testng.reporters.JUnitReportReporter -->
<testsuite skipped="0" hostname="hp-PC" name="com.TestCase.HomeTest" tests="1" failures="0" timestamp="21 Aug 2020 05:42:41 GMT" time="2.849" errors="0">
  <testcase name="Logout" time="2.849" classname="com.TestCase.HomeTest"/>
</testsuite> <!-- com.TestCase.HomeTest -->
