<?xml version="1.0" encoding="UTF-8"?>
<!-- Generated by org.testng.reporters.JUnitReportReporter -->
<testsuite skipped="0" hostname="hp-PC" name="com.TestCase.LoginTest" tests="2" failures="0" timestamp="21 Aug 2020 05:42:41 GMT" time="34.208" errors="0">
  <testcase name="Login_Details" time="34.002" classname="com.TestCase.LoginTest"/>
  <testcase name="checktitle" time="0.206" classname="com.TestCase.LoginTest"/>
</testsuite> <!-- com.TestCase.LoginTest -->
